<?xml version="1.0" encoding="UTF-8"?>
<testng-results ignored="0" total="1" passed="1" failed="0" skipped="0">
  <reporter-output>
  </reporter-output>
  <suite started-at="2021-05-23T15:42:00 IST" name="Default suite" finished-at="2021-05-23T15:42:24 IST" duration-ms="24465">
    <groups>
    </groups>
    <test started-at="2021-05-23T15:42:00 IST" name="Default test" finished-at="2021-05-23T15:42:24 IST" duration-ms="24465">
      <class name="scripts.Addtocart">
        <test-method is-config="true" signature="openApp()[pri:0, instance:scripts.Addtocart@be35cd9]" started-at="2021-05-23T15:42:00 IST" name="openApp" finished-at="2021-05-23T15:42:15 IST" duration-ms="14827" status="PASS">
          <reporter-output>
          </reporter-output>
        </test-method> <!-- openApp -->
        <test-method signature="addProduct()[pri:0, instance:scripts.Addtocart@be35cd9]" started-at="2021-05-23T15:42:15 IST" name="addProduct" finished-at="2021-05-23T15:42:24 IST" duration-ms="9469" status="PASS">
          <reporter-output>
          </reporter-output>
        </test-method> <!-- addProduct -->
        <test-method is-config="true" signature="closeApp(org.testng.ITestResult)[pri:0, instance:scripts.Addtocart@be35cd9]" started-at="2021-05-23T15:42:24 IST" name="closeApp" finished-at="2021-05-23T15:42:24 IST" duration-ms="116" status="PASS">
          <params>
            <param index="0">
              <value>
                <![CDATA[[TestResult name=addProduct status=SUCCESS method=Addtocart.addProduct()[pri:0, instance:scripts.Addtocart@be35cd9] output={null}]]]>
              </value>
            </param>
          </params>
          <reporter-output>
          </reporter-output>
        </test-method> <!-- closeApp -->
      </class> <!-- scripts.Addtocart -->
    </test> <!-- Default test -->
  </suite> <!-- Default suite -->
</testng-results>
